<?xml version="1.0" encoding="UTF-8"?>
<!-- Generated by org.testng.reporters.JUnitReportReporter -->
<testsuite skipped="0" hostname="Sanath-Compaq" name="com.crm.qa.testcases.LogingPageTest" tests="3" failures="0" timestamp="20 May 2018 10:08:52 GMT" time="14.560" errors="0">
  <testcase name="logingPageTitleTest" time="0.071" classname="com.crm.qa.testcases.LogingPageTest"/>
  <testcase name="crmLogoImgageTest" time="0.201" classname="com.crm.qa.testcases.LogingPageTest"/>
  <testcase name="loginTest" time="14.288" classname="com.crm.qa.testcases.LogingPageTest"/>
</testsuite> <!-- com.crm.qa.testcases.LogingPageTest -->
